<?xml version="1.0" encoding="UTF-8"?>
<testsuite xmlns:xsi="http://www.w3.org/2001/XMLSchema-instance" xsi:noNamespaceSchemaLocation="https://maven.apache.org/surefire/maven-surefire-plugin/xsd/surefire-test-report-3.0.xsd" version="3.0" name="co.com.MySpringBootApplicationTest" time="7.39" tests="1" errors="0" skipped="0" failures="0">
  <properties>
    <property name="sun.desktop" value="windows"/>
    <property name="awt.toolkit" value="sun.awt.windows.WToolkit"/>
    <property name="file.encoding.pkg" value="sun.io"/>
    <property name="java.specification.version" value="1.8"/>
    <property name="sun.cpu.isalist" value="amd64"/>
    <property name="sun.jnu.encoding" value="Cp1252"/>
    <property name="java.class.path" value="C:\Users\elkin.rozo\eclipse-workspace\services-sirc\target\test-classes;C:\Users\elkin.rozo\eclipse-workspace\services-sirc\target\classes;C:\maven\org\springframework\boot\spring-boot-starter-web\2.4.5\spring-boot-starter-web-2.4.5.jar;C:\maven\org\springframework\boot\spring-boot-starter\2.4.5\spring-boot-starter-2.4.5.jar;C:\maven\org\springframework\boot\spring-boot\2.4.5\spring-boot-2.4.5.jar;C:\maven\org\springframework\boot\spring-boot-autoconfigure\2.4.5\spring-boot-autoconfigure-2.4.5.jar;C:\maven\org\springframework\boot\spring-boot-starter-logging\2.4.5\spring-boot-starter-logging-2.4.5.jar;C:\maven\ch\qos\logback\logback-classic\1.2.3\logback-classic-1.2.3.jar;C:\maven\ch\qos\logback\logback-core\1.2.3\logback-core-1.2.3.jar;C:\maven\org\apache\logging\log4j\log4j-to-slf4j\2.13.3\log4j-to-slf4j-2.13.3.jar;C:\maven\org\apache\logging\log4j\log4j-api\2.13.3\log4j-api-2.13.3.jar;C:\maven\org\slf4j\jul-to-slf4j\1.7.30\jul-to-slf4j-1.7.30.jar;C:\maven\jakarta\annotation\jakarta.annotation-api\1.3.5\jakarta.annotation-api-1.3.5.jar;C:\maven\org\yaml\snakeyaml\1.27\snakeyaml-1.27.jar;C:\maven\org\springframework\boot\spring-boot-starter-json\2.4.5\spring-boot-starter-json-2.4.5.jar;C:\maven\com\fasterxml\jackson\datatype\jackson-datatype-jdk8\2.11.4\jackson-datatype-jdk8-2.11.4.jar;C:\maven\com\fasterxml\jackson\datatype\jackson-datatype-jsr310\2.11.4\jackson-datatype-jsr310-2.11.4.jar;C:\maven\com\fasterxml\jackson\module\jackson-module-parameter-names\2.11.4\jackson-module-parameter-names-2.11.4.jar;C:\maven\org\springframework\spring-web\5.3.6\spring-web-5.3.6.jar;C:\maven\org\springframework\spring-beans\5.3.6\spring-beans-5.3.6.jar;C:\maven\org\springframework\spring-webmvc\5.3.6\spring-webmvc-5.3.6.jar;C:\maven\org\springframework\spring-aop\5.3.6\spring-aop-5.3.6.jar;C:\maven\org\springframework\spring-context\5.3.6\spring-context-5.3.6.jar;C:\maven\org\springframework\spring-expression\5.3.6\spring-expression-5.3.6.jar;C:\maven\org\springframework\boot\spring-boot-starter-undertow\2.4.5\spring-boot-starter-undertow-2.4.5.jar;C:\maven\io\undertow\undertow-core\2.2.7.Final\undertow-core-2.2.7.Final.jar;C:\maven\org\jboss\logging\jboss-logging\3.4.1.Final\jboss-logging-3.4.1.Final.jar;C:\maven\org\jboss\xnio\xnio-api\3.8.0.Final\xnio-api-3.8.0.Final.jar;C:\maven\org\wildfly\common\wildfly-common\1.5.2.Final\wildfly-common-1.5.2.Final.jar;C:\maven\org\wildfly\client\wildfly-client-config\1.0.1.Final\wildfly-client-config-1.0.1.Final.jar;C:\maven\org\jboss\xnio\xnio-nio\3.8.0.Final\xnio-nio-3.8.0.Final.jar;C:\maven\org\jboss\threads\jboss-threads\3.1.0.Final\jboss-threads-3.1.0.Final.jar;C:\maven\io\undertow\undertow-servlet\2.2.7.Final\undertow-servlet-2.2.7.Final.jar;C:\maven\org\jboss\spec\javax\annotation\jboss-annotations-api_1.3_spec\2.0.1.Final\jboss-annotations-api_1.3_spec-2.0.1.Final.jar;C:\maven\io\undertow\undertow-websockets-jsr\2.2.7.Final\undertow-websockets-jsr-2.2.7.Final.jar;C:\maven\org\jboss\spec\javax\websocket\jboss-websocket-api_1.1_spec\2.0.0.Final\jboss-websocket-api_1.1_spec-2.0.0.Final.jar;C:\maven\jakarta\servlet\jakarta.servlet-api\4.0.4\jakarta.servlet-api-4.0.4.jar;C:\maven\org\glassfish\jakarta.el\3.0.3\jakarta.el-3.0.3.jar;C:\maven\org\springframework\boot\spring-boot-starter-actuator\2.4.5\spring-boot-starter-actuator-2.4.5.jar;C:\maven\org\springframework\boot\spring-boot-actuator-autoconfigure\2.4.5\spring-boot-actuator-autoconfigure-2.4.5.jar;C:\maven\io\micrometer\micrometer-core\1.6.6\micrometer-core-1.6.6.jar;C:\maven\org\hdrhistogram\HdrHistogram\2.1.12\HdrHistogram-2.1.12.jar;C:\maven\org\latencyutils\LatencyUtils\2.0.3\LatencyUtils-2.0.3.jar;C:\maven\org\apache\camel\springboot\camel-spring-boot-starter\3.10.0\camel-spring-boot-starter-3.10.0.jar;C:\maven\org\apache\camel\springboot\camel-spring-boot\3.10.0\camel-spring-boot-3.10.0.jar;C:\maven\org\apache\camel\camel-spring\3.10.0\camel-spring-3.10.0.jar;C:\maven\org\springframework\spring-tx\5.3.6\spring-tx-5.3.6.jar;C:\maven\org\apache\camel\camel-spring-main\3.10.0\camel-spring-main-3.10.0.jar;C:\maven\org\apache\camel\camel-main\3.10.0\camel-main-3.10.0.jar;C:\maven\org\apache\camel\camel-xml-jaxb-dsl\3.10.0\camel-xml-jaxb-dsl-3.10.0.jar;C:\maven\org\apache\camel\camel-dsl-support\3.10.0\camel-dsl-support-3.10.0.jar;C:\maven\org\apache\camel\camel-endpointdsl\3.10.0\camel-endpointdsl-3.10.0.jar;C:\maven\org\apache\camel\camel-cluster\3.10.0\camel-cluster-3.10.0.jar;C:\maven\org\apache\camel\springboot\camel-core-starter\3.10.0\camel-core-starter-3.10.0.jar;C:\maven\org\apache\camel\springboot\camel-bean-starter\3.10.0\camel-bean-starter-3.10.0.jar;C:\maven\org\apache\camel\springboot\camel-browse-starter\3.10.0\camel-browse-starter-3.10.0.jar;C:\maven\org\apache\camel\camel-browse\3.10.0\camel-browse-3.10.0.jar;C:\maven\org\apache\camel\springboot\camel-controlbus-starter\3.10.0\camel-controlbus-starter-3.10.0.jar;C:\maven\org\apache\camel\camel-controlbus\3.10.0\camel-controlbus-3.10.0.jar;C:\maven\org\apache\camel\springboot\camel-dataformat-starter\3.10.0\camel-dataformat-starter-3.10.0.jar;C:\maven\org\apache\camel\camel-dataformat\3.10.0\camel-dataformat-3.10.0.jar;C:\maven\org\apache\camel\springboot\camel-dataset-starter\3.10.0\camel-dataset-starter-3.10.0.jar;C:\maven\org\apache\camel\camel-dataset\3.10.0\camel-dataset-3.10.0.jar;C:\maven\org\apache\camel\springboot\camel-direct-starter\3.10.0\camel-direct-starter-3.10.0.jar;C:\maven\org\apache\camel\camel-direct\3.10.0\camel-direct-3.10.0.jar;C:\maven\org\apache\camel\springboot\camel-directvm-starter\3.10.0\camel-directvm-starter-3.10.0.jar;C:\maven\org\apache\camel\camel-directvm\3.10.0\camel-directvm-3.10.0.jar;C:\maven\org\apache\camel\springboot\camel-file-starter\3.10.0\camel-file-starter-3.10.0.jar;C:\maven\org\apache\camel\springboot\camel-language-starter\3.10.0\camel-language-starter-3.10.0.jar;C:\maven\org\apache\camel\camel-language\3.10.0\camel-language-3.10.0.jar;C:\maven\org\apache\camel\springboot\camel-log-starter\3.10.0\camel-log-starter-3.10.0.jar;C:\maven\org\apache\camel\springboot\camel-mock-starter\3.10.0\camel-mock-starter-3.10.0.jar;C:\maven\org\apache\camel\camel-mock\3.10.0\camel-mock-3.10.0.jar;C:\maven\org\apache\camel\springboot\camel-ref-starter\3.10.0\camel-ref-starter-3.10.0.jar;C:\maven\org\apache\camel\camel-ref\3.10.0\camel-ref-3.10.0.jar;C:\maven\org\apache\camel\springboot\camel-rest-starter\3.10.0\camel-rest-starter-3.10.0.jar;C:\maven\org\apache\camel\camel-rest\3.10.0\camel-rest-3.10.0.jar;C:\maven\org\apache\camel\camel-tooling-model\3.10.0\camel-tooling-model-3.10.0.jar;C:\maven\org\apache\camel\camel-util-json\3.10.0\camel-util-json-3.10.0.jar;C:\maven\org\apache\camel\springboot\camel-saga-starter\3.10.0\camel-saga-starter-3.10.0.jar;C:\maven\org\apache\camel\camel-saga\3.10.0\camel-saga-3.10.0.jar;C:\maven\org\apache\camel\springboot\camel-scheduler-starter\3.10.0\camel-scheduler-starter-3.10.0.jar;C:\maven\org\apache\camel\camel-scheduler\3.10.0\camel-scheduler-3.10.0.jar;C:\maven\org\apache\camel\springboot\camel-seda-starter\3.10.0\camel-seda-starter-3.10.0.jar;C:\maven\org\apache\camel\camel-seda\3.10.0\camel-seda-3.10.0.jar;C:\maven\org\apache\camel\springboot\camel-stub-starter\3.10.0\camel-stub-starter-3.10.0.jar;C:\maven\org\apache\camel\camel-stub\3.10.0\camel-stub-3.10.0.jar;C:\maven\org\apache\camel\springboot\camel-timer-starter\3.10.0\camel-timer-starter-3.10.0.jar;C:\maven\org\apache\camel\camel-timer\3.10.0\camel-timer-3.10.0.jar;C:\maven\org\apache\camel\springboot\camel-validator-starter\3.10.0\camel-validator-starter-3.10.0.jar;C:\maven\org\apache\camel\camel-validator\3.10.0\camel-validator-3.10.0.jar;C:\maven\org\apache\camel\springboot\camel-vm-starter\3.10.0\camel-vm-starter-3.10.0.jar;C:\maven\org\apache\camel\camel-vm\3.10.0\camel-vm-3.10.0.jar;C:\maven\org\apache\camel\springboot\camel-xpath-starter\3.10.0\camel-xpath-starter-3.10.0.jar;C:\maven\org\apache\camel\camel-xpath\3.10.0\camel-xpath-3.10.0.jar;C:\maven\org\apache\camel\springboot\camel-xslt-starter\3.10.0\camel-xslt-starter-3.10.0.jar;C:\maven\org\apache\camel\camel-xslt\3.10.0\camel-xslt-3.10.0.jar;C:\maven\org\apache\camel\springboot\camel-xml-jaxp-starter\3.10.0\camel-xml-jaxp-starter-3.10.0.jar;C:\maven\org\apache\camel\camel-xml-jaxp\3.10.0\camel-xml-jaxp-3.10.0.jar;C:\maven\org\apache\camel\camel-xml-io-util\3.10.0\camel-xml-io-util-3.10.0.jar;C:\maven\org\apache\camel\camel-servlet\3.10.0\camel-servlet-3.10.0.jar;C:\maven\org\apache\camel\camel-support\3.10.0\camel-support-3.10.0.jar;C:\maven\org\apache\camel\camel-api\3.10.0\camel-api-3.10.0.jar;C:\maven\org\apache\camel\camel-management-api\3.10.0\camel-management-api-3.10.0.jar;C:\maven\org\apache\camel\camel-util\3.10.0\camel-util-3.10.0.jar;C:\maven\org\apache\camel\camel-http-common\3.10.0\camel-http-common-3.10.0.jar;C:\maven\org\apache\camel\camel-http-base\3.10.0\camel-http-base-3.10.0.jar;C:\maven\org\apache\camel\camel-attachments\3.10.0\camel-attachments-3.10.0.jar;C:\maven\com\sun\activation\javax.activation\1.2.0\javax.activation-1.2.0.jar;C:\maven\org\apache\camel\camel-jackson\3.10.0\camel-jackson-3.10.0.jar;C:\maven\org\apache\camel\camel-core-engine\3.10.0\camel-core-engine-3.10.0.jar;C:\maven\org\apache\camel\camel-base-engine\3.10.0\camel-base-engine-3.10.0.jar;C:\maven\org\apache\camel\camel-base\3.10.0\camel-base-3.10.0.jar;C:\maven\org\apache\camel\camel-core-reifier\3.10.0\camel-core-reifier-3.10.0.jar;C:\maven\org\apache\camel\camel-core-processor\3.10.0\camel-core-processor-3.10.0.jar;C:\maven\com\fasterxml\jackson\core\jackson-databind\2.11.4\jackson-databind-2.11.4.jar;C:\maven\org\apache\camel\camel-velocity\3.10.0\camel-velocity-3.10.0.jar;C:\maven\org\apache\velocity\velocity-engine-core\2.3\velocity-engine-core-2.3.jar;C:\maven\org\apache\commons\commons-lang3\3.11\commons-lang3-3.11.jar;C:\maven\org\apache\camel\camel-http\3.10.0\camel-http-3.10.0.jar;C:\maven\org\apache\camel\camel-cloud\3.10.0\camel-cloud-3.10.0.jar;C:\maven\org\apache\camel\camel-core-model\3.10.0\camel-core-model-3.10.0.jar;C:\maven\org\apache\camel\camel-file\3.10.0\camel-file-3.10.0.jar;C:\maven\javax\servlet\javax.servlet-api\4.0.1\javax.servlet-api-4.0.1.jar;C:\maven\org\apache\httpcomponents\httpclient\4.5.13\httpclient-4.5.13.jar;C:\maven\org\apache\httpcomponents\httpcore\4.4.14\httpcore-4.4.14.jar;C:\maven\commons-codec\commons-codec\1.15\commons-codec-1.15.jar;C:\maven\com\fasterxml\jackson\dataformat\jackson-dataformat-xml\2.11.4\jackson-dataformat-xml-2.11.4.jar;C:\maven\com\fasterxml\jackson\core\jackson-core\2.11.4\jackson-core-2.11.4.jar;C:\maven\com\fasterxml\jackson\core\jackson-annotations\2.11.4\jackson-annotations-2.11.4.jar;C:\maven\com\fasterxml\jackson\module\jackson-module-jaxb-annotations\2.11.4\jackson-module-jaxb-annotations-2.11.4.jar;C:\maven\jakarta\activation\jakarta.activation-api\1.2.2\jakarta.activation-api-1.2.2.jar;C:\maven\org\codehaus\woodstox\stax2-api\4.2.1\stax2-api-4.2.1.jar;C:\maven\com\fasterxml\woodstox\woodstox-core\6.2.3\woodstox-core-6.2.3.jar;C:\maven\io\hawt\hawtio-springboot\2.13.0\hawtio-springboot-2.13.0.jar;C:\maven\io\hawt\hawtio-system\2.13.0\hawtio-system-2.13.0.jar;C:\maven\io\hawt\hawtio-core\2.13.0\hawtio-core-2.13.0.jar;C:\maven\io\hawt\hawtio-util\2.13.0\hawtio-util-2.13.0.jar;C:\maven\commons-io\commons-io\2.8.0\commons-io-2.8.0.jar;C:\maven\com\google\guava\guava\19.0\guava-19.0.jar;C:\maven\org\json\json\20171018\json-20171018.jar;C:\maven\org\springframework\boot\spring-boot-actuator\2.4.5\spring-boot-actuator-2.4.5.jar;C:\maven\org\jolokia\jolokia-core\1.6.2\jolokia-core-1.6.2.jar;C:\maven\com\googlecode\json-simple\json-simple\1.1.1\json-simple-1.1.1.jar;C:\maven\org\apache\camel\camel-health\3.10.0\camel-health-3.10.0.jar;C:\maven\org\slf4j\slf4j-api\1.7.30\slf4j-api-1.7.30.jar;C:\maven\org\apache\camel\camel-management\3.10.0\camel-management-3.10.0.jar;C:\maven\org\apache\camel\camel-bean\3.10.0\camel-bean-3.10.0.jar;C:\maven\org\apache\camel\camel-log\3.10.0\camel-log-3.10.0.jar;C:\maven\io\micrometer\micrometer-registry-prometheus\1.6.6\micrometer-registry-prometheus-1.6.6.jar;C:\maven\io\prometheus\simpleclient_common\0.9.0\simpleclient_common-0.9.0.jar;C:\maven\io\prometheus\simpleclient\0.9.0\simpleclient-0.9.0.jar;C:\maven\org\springframework\boot\spring-boot-starter-test\2.4.5\spring-boot-starter-test-2.4.5.jar;C:\maven\org\springframework\boot\spring-boot-test\2.4.5\spring-boot-test-2.4.5.jar;C:\maven\org\springframework\boot\spring-boot-test-autoconfigure\2.4.5\spring-boot-test-autoconfigure-2.4.5.jar;C:\maven\com\jayway\jsonpath\json-path\2.4.0\json-path-2.4.0.jar;C:\maven\net\minidev\json-smart\2.3\json-smart-2.3.jar;C:\maven\net\minidev\accessors-smart\1.2\accessors-smart-1.2.jar;C:\maven\org\ow2\asm\asm\5.0.4\asm-5.0.4.jar;C:\maven\jakarta\xml\bind\jakarta.xml.bind-api\2.3.3\jakarta.xml.bind-api-2.3.3.jar;C:\maven\org\assertj\assertj-core\3.18.1\assertj-core-3.18.1.jar;C:\maven\org\hamcrest\hamcrest\2.2\hamcrest-2.2.jar;C:\maven\org\junit\jupiter\junit-jupiter\5.7.1\junit-jupiter-5.7.1.jar;C:\maven\org\junit\jupiter\junit-jupiter-api\5.7.1\junit-jupiter-api-5.7.1.jar;C:\maven\org\apiguardian\apiguardian-api\1.1.0\apiguardian-api-1.1.0.jar;C:\maven\org\opentest4j\opentest4j\1.2.0\opentest4j-1.2.0.jar;C:\maven\org\junit\platform\junit-platform-commons\1.7.1\junit-platform-commons-1.7.1.jar;C:\maven\org\junit\jupiter\junit-jupiter-params\5.7.1\junit-jupiter-params-5.7.1.jar;C:\maven\org\junit\jupiter\junit-jupiter-engine\5.7.1\junit-jupiter-engine-5.7.1.jar;C:\maven\org\junit\platform\junit-platform-engine\1.7.1\junit-platform-engine-1.7.1.jar;C:\maven\org\mockito\mockito-core\3.6.28\mockito-core-3.6.28.jar;C:\maven\net\bytebuddy\byte-buddy\1.10.22\byte-buddy-1.10.22.jar;C:\maven\net\bytebuddy\byte-buddy-agent\1.10.22\byte-buddy-agent-1.10.22.jar;C:\maven\org\objenesis\objenesis\3.1\objenesis-3.1.jar;C:\maven\org\mockito\mockito-junit-jupiter\3.6.28\mockito-junit-jupiter-3.6.28.jar;C:\maven\org\skyscreamer\jsonassert\1.5.0\jsonassert-1.5.0.jar;C:\maven\com\vaadin\external\google\android-json\0.0.20131108.vaadin1\android-json-0.0.20131108.vaadin1.jar;C:\maven\org\springframework\spring-core\5.3.6\spring-core-5.3.6.jar;C:\maven\org\springframework\spring-jcl\5.3.6\spring-jcl-5.3.6.jar;C:\maven\org\springframework\spring-test\5.3.6\spring-test-5.3.6.jar;C:\maven\org\xmlunit\xmlunit-core\2.7.0\xmlunit-core-2.7.0.jar;C:\maven\org\apache\camel\camel-test-spring-junit5\3.10.0\camel-test-spring-junit5-3.10.0.jar;C:\maven\org\apache\camel\camel-test-junit5\3.10.0\camel-test-junit5-3.10.0.jar;C:\maven\org\apache\camel\camel-core-languages\3.10.0\camel-core-languages-3.10.0.jar;C:\maven\org\apache\camel\camel-spring-xml\3.10.0\camel-spring-xml-3.10.0.jar;C:\maven\org\apache\camel\camel-xml-jaxb\3.10.0\camel-xml-jaxb-3.10.0.jar;C:\maven\com\sun\xml\bind\jaxb-core\2.3.0\jaxb-core-2.3.0.jar;C:\maven\com\sun\xml\bind\jaxb-impl\2.3.3\jaxb-impl-2.3.3.jar;C:\maven\com\sun\activation\jakarta.activation\1.2.2\jakarta.activation-1.2.2.jar;C:\maven\org\apache\camel\camel-core-xml\3.10.0\camel-core-xml-3.10.0.jar;"/>
    <property name="java.vm.vendor" value="Oracle Corporation"/>
    <property name="sun.arch.data.model" value="64"/>
    <property name="user.variant" value=""/>
    <property name="java.vendor.url" value="http://java.oracle.com/"/>
    <property name="user.timezone" value="America/Bogota"/>
    <property name="docker.skip.build" value="true"/>
    <property name="java.vm.specification.version" value="1.8"/>
    <property name="os.name" value="Windows 10"/>
    <property name="user.country" value="CO"/>
    <property name="sun.java.launcher" value="SUN_STANDARD"/>
    <property name="sun.boot.library.path" value="C:\Program Files\Java\jdk1.8.0_291\jre\bin"/>
    <property name="sun.java.command" value="C:\Users\elkin.rozo\AppData\Local\Temp\surefire2435415141839165994\surefirebooter6678465616944398150.jar C:\Users\elkin.rozo\AppData\Local\Temp\surefire2435415141839165994 2021-07-14T22-52-44_458-jvmRun1 surefire8841492233533108707tmp surefire_07709854936032515913tmp"/>
    <property name="surefire.test.class.path" value="C:\Users\elkin.rozo\eclipse-workspace\services-sirc\target\test-classes;C:\Users\elkin.rozo\eclipse-workspace\services-sirc\target\classes;C:\maven\org\springframework\boot\spring-boot-starter-web\2.4.5\spring-boot-starter-web-2.4.5.jar;C:\maven\org\springframework\boot\spring-boot-starter\2.4.5\spring-boot-starter-2.4.5.jar;C:\maven\org\springframework\boot\spring-boot\2.4.5\spring-boot-2.4.5.jar;C:\maven\org\springframework\boot\spring-boot-autoconfigure\2.4.5\spring-boot-autoconfigure-2.4.5.jar;C:\maven\org\springframework\boot\spring-boot-starter-logging\2.4.5\spring-boot-starter-logging-2.4.5.jar;C:\maven\ch\qos\logback\logback-classic\1.2.3\logback-classic-1.2.3.jar;C:\maven\ch\qos\logback\logback-core\1.2.3\logback-core-1.2.3.jar;C:\maven\org\apache\logging\log4j\log4j-to-slf4j\2.13.3\log4j-to-slf4j-2.13.3.jar;C:\maven\org\apache\logging\log4j\log4j-api\2.13.3\log4j-api-2.13.3.jar;C:\maven\org\slf4j\jul-to-slf4j\1.7.30\jul-to-slf4j-1.7.30.jar;C:\maven\jakarta\annotation\jakarta.annotation-api\1.3.5\jakarta.annotation-api-1.3.5.jar;C:\maven\org\yaml\snakeyaml\1.27\snakeyaml-1.27.jar;C:\maven\org\springframework\boot\spring-boot-starter-json\2.4.5\spring-boot-starter-json-2.4.5.jar;C:\maven\com\fasterxml\jackson\datatype\jackson-datatype-jdk8\2.11.4\jackson-datatype-jdk8-2.11.4.jar;C:\maven\com\fasterxml\jackson\datatype\jackson-datatype-jsr310\2.11.4\jackson-datatype-jsr310-2.11.4.jar;C:\maven\com\fasterxml\jackson\module\jackson-module-parameter-names\2.11.4\jackson-module-parameter-names-2.11.4.jar;C:\maven\org\springframework\spring-web\5.3.6\spring-web-5.3.6.jar;C:\maven\org\springframework\spring-beans\5.3.6\spring-beans-5.3.6.jar;C:\maven\org\springframework\spring-webmvc\5.3.6\spring-webmvc-5.3.6.jar;C:\maven\org\springframework\spring-aop\5.3.6\spring-aop-5.3.6.jar;C:\maven\org\springframework\spring-context\5.3.6\spring-context-5.3.6.jar;C:\maven\org\springframework\spring-expression\5.3.6\spring-expression-5.3.6.jar;C:\maven\org\springframework\boot\spring-boot-starter-undertow\2.4.5\spring-boot-starter-undertow-2.4.5.jar;C:\maven\io\undertow\undertow-core\2.2.7.Final\undertow-core-2.2.7.Final.jar;C:\maven\org\jboss\logging\jboss-logging\3.4.1.Final\jboss-logging-3.4.1.Final.jar;C:\maven\org\jboss\xnio\xnio-api\3.8.0.Final\xnio-api-3.8.0.Final.jar;C:\maven\org\wildfly\common\wildfly-common\1.5.2.Final\wildfly-common-1.5.2.Final.jar;C:\maven\org\wildfly\client\wildfly-client-config\1.0.1.Final\wildfly-client-config-1.0.1.Final.jar;C:\maven\org\jboss\xnio\xnio-nio\3.8.0.Final\xnio-nio-3.8.0.Final.jar;C:\maven\org\jboss\threads\jboss-threads\3.1.0.Final\jboss-threads-3.1.0.Final.jar;C:\maven\io\undertow\undertow-servlet\2.2.7.Final\undertow-servlet-2.2.7.Final.jar;C:\maven\org\jboss\spec\javax\annotation\jboss-annotations-api_1.3_spec\2.0.1.Final\jboss-annotations-api_1.3_spec-2.0.1.Final.jar;C:\maven\io\undertow\undertow-websockets-jsr\2.2.7.Final\undertow-websockets-jsr-2.2.7.Final.jar;C:\maven\org\jboss\spec\javax\websocket\jboss-websocket-api_1.1_spec\2.0.0.Final\jboss-websocket-api_1.1_spec-2.0.0.Final.jar;C:\maven\jakarta\servlet\jakarta.servlet-api\4.0.4\jakarta.servlet-api-4.0.4.jar;C:\maven\org\glassfish\jakarta.el\3.0.3\jakarta.el-3.0.3.jar;C:\maven\org\springframework\boot\spring-boot-starter-actuator\2.4.5\spring-boot-starter-actuator-2.4.5.jar;C:\maven\org\springframework\boot\spring-boot-actuator-autoconfigure\2.4.5\spring-boot-actuator-autoconfigure-2.4.5.jar;C:\maven\io\micrometer\micrometer-core\1.6.6\micrometer-core-1.6.6.jar;C:\maven\org\hdrhistogram\HdrHistogram\2.1.12\HdrHistogram-2.1.12.jar;C:\maven\org\latencyutils\LatencyUtils\2.0.3\LatencyUtils-2.0.3.jar;C:\maven\org\apache\camel\springboot\camel-spring-boot-starter\3.10.0\camel-spring-boot-starter-3.10.0.jar;C:\maven\org\apache\camel\springboot\camel-spring-boot\3.10.0\camel-spring-boot-3.10.0.jar;C:\maven\org\apache\camel\camel-spring\3.10.0\camel-spring-3.10.0.jar;C:\maven\org\springframework\spring-tx\5.3.6\spring-tx-5.3.6.jar;C:\maven\org\apache\camel\camel-spring-main\3.10.0\camel-spring-main-3.10.0.jar;C:\maven\org\apache\camel\camel-main\3.10.0\camel-main-3.10.0.jar;C:\maven\org\apache\camel\camel-xml-jaxb-dsl\3.10.0\camel-xml-jaxb-dsl-3.10.0.jar;C:\maven\org\apache\camel\camel-dsl-support\3.10.0\camel-dsl-support-3.10.0.jar;C:\maven\org\apache\camel\camel-endpointdsl\3.10.0\camel-endpointdsl-3.10.0.jar;C:\maven\org\apache\camel\camel-cluster\3.10.0\camel-cluster-3.10.0.jar;C:\maven\org\apache\camel\springboot\camel-core-starter\3.10.0\camel-core-starter-3.10.0.jar;C:\maven\org\apache\camel\springboot\camel-bean-starter\3.10.0\camel-bean-starter-3.10.0.jar;C:\maven\org\apache\camel\springboot\camel-browse-starter\3.10.0\camel-browse-starter-3.10.0.jar;C:\maven\org\apache\camel\camel-browse\3.10.0\camel-browse-3.10.0.jar;C:\maven\org\apache\camel\springboot\camel-controlbus-starter\3.10.0\camel-controlbus-starter-3.10.0.jar;C:\maven\org\apache\camel\camel-controlbus\3.10.0\camel-controlbus-3.10.0.jar;C:\maven\org\apache\camel\springboot\camel-dataformat-starter\3.10.0\camel-dataformat-starter-3.10.0.jar;C:\maven\org\apache\camel\camel-dataformat\3.10.0\camel-dataformat-3.10.0.jar;C:\maven\org\apache\camel\springboot\camel-dataset-starter\3.10.0\camel-dataset-starter-3.10.0.jar;C:\maven\org\apache\camel\camel-dataset\3.10.0\camel-dataset-3.10.0.jar;C:\maven\org\apache\camel\springboot\camel-direct-starter\3.10.0\camel-direct-starter-3.10.0.jar;C:\maven\org\apache\camel\camel-direct\3.10.0\camel-direct-3.10.0.jar;C:\maven\org\apache\camel\springboot\camel-directvm-starter\3.10.0\camel-directvm-starter-3.10.0.jar;C:\maven\org\apache\camel\camel-directvm\3.10.0\camel-directvm-3.10.0.jar;C:\maven\org\apache\camel\springboot\camel-file-starter\3.10.0\camel-file-starter-3.10.0.jar;C:\maven\org\apache\camel\springboot\camel-language-starter\3.10.0\camel-language-starter-3.10.0.jar;C:\maven\org\apache\camel\camel-language\3.10.0\camel-language-3.10.0.jar;C:\maven\org\apache\camel\springboot\camel-log-starter\3.10.0\camel-log-starter-3.10.0.jar;C:\maven\org\apache\camel\springboot\camel-mock-starter\3.10.0\camel-mock-starter-3.10.0.jar;C:\maven\org\apache\camel\camel-mock\3.10.0\camel-mock-3.10.0.jar;C:\maven\org\apache\camel\springboot\camel-ref-starter\3.10.0\camel-ref-starter-3.10.0.jar;C:\maven\org\apache\camel\camel-ref\3.10.0\camel-ref-3.10.0.jar;C:\maven\org\apache\camel\springboot\camel-rest-starter\3.10.0\camel-rest-starter-3.10.0.jar;C:\maven\org\apache\camel\camel-rest\3.10.0\camel-rest-3.10.0.jar;C:\maven\org\apache\camel\camel-tooling-model\3.10.0\camel-tooling-model-3.10.0.jar;C:\maven\org\apache\camel\camel-util-json\3.10.0\camel-util-json-3.10.0.jar;C:\maven\org\apache\camel\springboot\camel-saga-starter\3.10.0\camel-saga-starter-3.10.0.jar;C:\maven\org\apache\camel\camel-saga\3.10.0\camel-saga-3.10.0.jar;C:\maven\org\apache\camel\springboot\camel-scheduler-starter\3.10.0\camel-scheduler-starter-3.10.0.jar;C:\maven\org\apache\camel\camel-scheduler\3.10.0\camel-scheduler-3.10.0.jar;C:\maven\org\apache\camel\springboot\camel-seda-starter\3.10.0\camel-seda-starter-3.10.0.jar;C:\maven\org\apache\camel\camel-seda\3.10.0\camel-seda-3.10.0.jar;C:\maven\org\apache\camel\springboot\camel-stub-starter\3.10.0\camel-stub-starter-3.10.0.jar;C:\maven\org\apache\camel\camel-stub\3.10.0\camel-stub-3.10.0.jar;C:\maven\org\apache\camel\springboot\camel-timer-starter\3.10.0\camel-timer-starter-3.10.0.jar;C:\maven\org\apache\camel\camel-timer\3.10.0\camel-timer-3.10.0.jar;C:\maven\org\apache\camel\springboot\camel-validator-starter\3.10.0\camel-validator-starter-3.10.0.jar;C:\maven\org\apache\camel\camel-validator\3.10.0\camel-validator-3.10.0.jar;C:\maven\org\apache\camel\springboot\camel-vm-starter\3.10.0\camel-vm-starter-3.10.0.jar;C:\maven\org\apache\camel\camel-vm\3.10.0\camel-vm-3.10.0.jar;C:\maven\org\apache\camel\springboot\camel-xpath-starter\3.10.0\camel-xpath-starter-3.10.0.jar;C:\maven\org\apache\camel\camel-xpath\3.10.0\camel-xpath-3.10.0.jar;C:\maven\org\apache\camel\springboot\camel-xslt-starter\3.10.0\camel-xslt-starter-3.10.0.jar;C:\maven\org\apache\camel\camel-xslt\3.10.0\camel-xslt-3.10.0.jar;C:\maven\org\apache\camel\springboot\camel-xml-jaxp-starter\3.10.0\camel-xml-jaxp-starter-3.10.0.jar;C:\maven\org\apache\camel\camel-xml-jaxp\3.10.0\camel-xml-jaxp-3.10.0.jar;C:\maven\org\apache\camel\camel-xml-io-util\3.10.0\camel-xml-io-util-3.10.0.jar;C:\maven\org\apache\camel\camel-servlet\3.10.0\camel-servlet-3.10.0.jar;C:\maven\org\apache\camel\camel-support\3.10.0\camel-support-3.10.0.jar;C:\maven\org\apache\camel\camel-api\3.10.0\camel-api-3.10.0.jar;C:\maven\org\apache\camel\camel-management-api\3.10.0\camel-management-api-3.10.0.jar;C:\maven\org\apache\camel\camel-util\3.10.0\camel-util-3.10.0.jar;C:\maven\org\apache\camel\camel-http-common\3.10.0\camel-http-common-3.10.0.jar;C:\maven\org\apache\camel\camel-http-base\3.10.0\camel-http-base-3.10.0.jar;C:\maven\org\apache\camel\camel-attachments\3.10.0\camel-attachments-3.10.0.jar;C:\maven\com\sun\activation\javax.activation\1.2.0\javax.activation-1.2.0.jar;C:\maven\org\apache\camel\camel-jackson\3.10.0\camel-jackson-3.10.0.jar;C:\maven\org\apache\camel\camel-core-engine\3.10.0\camel-core-engine-3.10.0.jar;C:\maven\org\apache\camel\camel-base-engine\3.10.0\camel-base-engine-3.10.0.jar;C:\maven\org\apache\camel\camel-base\3.10.0\camel-base-3.10.0.jar;C:\maven\org\apache\camel\camel-core-reifier\3.10.0\camel-core-reifier-3.10.0.jar;C:\maven\org\apache\camel\camel-core-processor\3.10.0\camel-core-processor-3.10.0.jar;C:\maven\com\fasterxml\jackson\core\jackson-databind\2.11.4\jackson-databind-2.11.4.jar;C:\maven\org\apache\camel\camel-velocity\3.10.0\camel-velocity-3.10.0.jar;C:\maven\org\apache\velocity\velocity-engine-core\2.3\velocity-engine-core-2.3.jar;C:\maven\org\apache\commons\commons-lang3\3.11\commons-lang3-3.11.jar;C:\maven\org\apache\camel\camel-http\3.10.0\camel-http-3.10.0.jar;C:\maven\org\apache\camel\camel-cloud\3.10.0\camel-cloud-3.10.0.jar;C:\maven\org\apache\camel\camel-core-model\3.10.0\camel-core-model-3.10.0.jar;C:\maven\org\apache\camel\camel-file\3.10.0\camel-file-3.10.0.jar;C:\maven\javax\servlet\javax.servlet-api\4.0.1\javax.servlet-api-4.0.1.jar;C:\maven\org\apache\httpcomponents\httpclient\4.5.13\httpclient-4.5.13.jar;C:\maven\org\apache\httpcomponents\httpcore\4.4.14\httpcore-4.4.14.jar;C:\maven\commons-codec\commons-codec\1.15\commons-codec-1.15.jar;C:\maven\com\fasterxml\jackson\dataformat\jackson-dataformat-xml\2.11.4\jackson-dataformat-xml-2.11.4.jar;C:\maven\com\fasterxml\jackson\core\jackson-core\2.11.4\jackson-core-2.11.4.jar;C:\maven\com\fasterxml\jackson\core\jackson-annotations\2.11.4\jackson-annotations-2.11.4.jar;C:\maven\com\fasterxml\jackson\module\jackson-module-jaxb-annotations\2.11.4\jackson-module-jaxb-annotations-2.11.4.jar;C:\maven\jakarta\activation\jakarta.activation-api\1.2.2\jakarta.activation-api-1.2.2.jar;C:\maven\org\codehaus\woodstox\stax2-api\4.2.1\stax2-api-4.2.1.jar;C:\maven\com\fasterxml\woodstox\woodstox-core\6.2.3\woodstox-core-6.2.3.jar;C:\maven\io\hawt\hawtio-springboot\2.13.0\hawtio-springboot-2.13.0.jar;C:\maven\io\hawt\hawtio-system\2.13.0\hawtio-system-2.13.0.jar;C:\maven\io\hawt\hawtio-core\2.13.0\hawtio-core-2.13.0.jar;C:\maven\io\hawt\hawtio-util\2.13.0\hawtio-util-2.13.0.jar;C:\maven\commons-io\commons-io\2.8.0\commons-io-2.8.0.jar;C:\maven\com\google\guava\guava\19.0\guava-19.0.jar;C:\maven\org\json\json\20171018\json-20171018.jar;C:\maven\org\springframework\boot\spring-boot-actuator\2.4.5\spring-boot-actuator-2.4.5.jar;C:\maven\org\jolokia\jolokia-core\1.6.2\jolokia-core-1.6.2.jar;C:\maven\com\googlecode\json-simple\json-simple\1.1.1\json-simple-1.1.1.jar;C:\maven\org\apache\camel\camel-health\3.10.0\camel-health-3.10.0.jar;C:\maven\org\slf4j\slf4j-api\1.7.30\slf4j-api-1.7.30.jar;C:\maven\org\apache\camel\camel-management\3.10.0\camel-management-3.10.0.jar;C:\maven\org\apache\camel\camel-bean\3.10.0\camel-bean-3.10.0.jar;C:\maven\org\apache\camel\camel-log\3.10.0\camel-log-3.10.0.jar;C:\maven\io\micrometer\micrometer-registry-prometheus\1.6.6\micrometer-registry-prometheus-1.6.6.jar;C:\maven\io\prometheus\simpleclient_common\0.9.0\simpleclient_common-0.9.0.jar;C:\maven\io\prometheus\simpleclient\0.9.0\simpleclient-0.9.0.jar;C:\maven\org\springframework\boot\spring-boot-starter-test\2.4.5\spring-boot-starter-test-2.4.5.jar;C:\maven\org\springframework\boot\spring-boot-test\2.4.5\spring-boot-test-2.4.5.jar;C:\maven\org\springframework\boot\spring-boot-test-autoconfigure\2.4.5\spring-boot-test-autoconfigure-2.4.5.jar;C:\maven\com\jayway\jsonpath\json-path\2.4.0\json-path-2.4.0.jar;C:\maven\net\minidev\json-smart\2.3\json-smart-2.3.jar;C:\maven\net\minidev\accessors-smart\1.2\accessors-smart-1.2.jar;C:\maven\org\ow2\asm\asm\5.0.4\asm-5.0.4.jar;C:\maven\jakarta\xml\bind\jakarta.xml.bind-api\2.3.3\jakarta.xml.bind-api-2.3.3.jar;C:\maven\org\assertj\assertj-core\3.18.1\assertj-core-3.18.1.jar;C:\maven\org\hamcrest\hamcrest\2.2\hamcrest-2.2.jar;C:\maven\org\junit\jupiter\junit-jupiter\5.7.1\junit-jupiter-5.7.1.jar;C:\maven\org\junit\jupiter\junit-jupiter-api\5.7.1\junit-jupiter-api-5.7.1.jar;C:\maven\org\apiguardian\apiguardian-api\1.1.0\apiguardian-api-1.1.0.jar;C:\maven\org\opentest4j\opentest4j\1.2.0\opentest4j-1.2.0.jar;C:\maven\org\junit\platform\junit-platform-commons\1.7.1\junit-platform-commons-1.7.1.jar;C:\maven\org\junit\jupiter\junit-jupiter-params\5.7.1\junit-jupiter-params-5.7.1.jar;C:\maven\org\junit\jupiter\junit-jupiter-engine\5.7.1\junit-jupiter-engine-5.7.1.jar;C:\maven\org\junit\platform\junit-platform-engine\1.7.1\junit-platform-engine-1.7.1.jar;C:\maven\org\mockito\mockito-core\3.6.28\mockito-core-3.6.28.jar;C:\maven\net\bytebuddy\byte-buddy\1.10.22\byte-buddy-1.10.22.jar;C:\maven\net\bytebuddy\byte-buddy-agent\1.10.22\byte-buddy-agent-1.10.22.jar;C:\maven\org\objenesis\objenesis\3.1\objenesis-3.1.jar;C:\maven\org\mockito\mockito-junit-jupiter\3.6.28\mockito-junit-jupiter-3.6.28.jar;C:\maven\org\skyscreamer\jsonassert\1.5.0\jsonassert-1.5.0.jar;C:\maven\com\vaadin\external\google\android-json\0.0.20131108.vaadin1\android-json-0.0.20131108.vaadin1.jar;C:\maven\org\springframework\spring-core\5.3.6\spring-core-5.3.6.jar;C:\maven\org\springframework\spring-jcl\5.3.6\spring-jcl-5.3.6.jar;C:\maven\org\springframework\spring-test\5.3.6\spring-test-5.3.6.jar;C:\maven\org\xmlunit\xmlunit-core\2.7.0\xmlunit-core-2.7.0.jar;C:\maven\org\apache\camel\camel-test-spring-junit5\3.10.0\camel-test-spring-junit5-3.10.0.jar;C:\maven\org\apache\camel\camel-test-junit5\3.10.0\camel-test-junit5-3.10.0.jar;C:\maven\org\apache\camel\camel-core-languages\3.10.0\camel-core-languages-3.10.0.jar;C:\maven\org\apache\camel\camel-spring-xml\3.10.0\camel-spring-xml-3.10.0.jar;C:\maven\org\apache\camel\camel-xml-jaxb\3.10.0\camel-xml-jaxb-3.10.0.jar;C:\maven\com\sun\xml\bind\jaxb-core\2.3.0\jaxb-core-2.3.0.jar;C:\maven\com\sun\xml\bind\jaxb-impl\2.3.3\jaxb-impl-2.3.3.jar;C:\maven\com\sun\activation\jakarta.activation\1.2.2\jakarta.activation-1.2.2.jar;C:\maven\org\apache\camel\camel-core-xml\3.10.0\camel-core-xml-3.10.0.jar;"/>
    <property name="sun.cpu.endian" value="little"/>
    <property name="user.home" value="C:\Users\elkin.rozo"/>
    <property name="user.language" value="es"/>
    <property name="java.specification.vendor" value="Oracle Corporation"/>
    <property name="java.home" value="C:\Program Files\Java\jdk1.8.0_291\jre"/>
    <property name="basedir" value="C:\Users\elkin.rozo\eclipse-workspace\services-sirc"/>
    <property name="file.separator" value="\"/>
    <property name="line.separator" value="&#10;"/>
    <property name="java.vm.specification.vendor" value="Oracle Corporation"/>
    <property name="java.specification.name" value="Java Platform API Specification"/>
    <property name="FILE_LOG_CHARSET" value="windows-1252"/>
    <property name="java.awt.graphicsenv" value="sun.awt.Win32GraphicsEnvironment"/>
    <property name="java.awt.headless" value="true"/>
    <property name="surefire.real.class.path" value="C:\Users\elkin.rozo\AppData\Local\Temp\surefire2435415141839165994\surefirebooter6678465616944398150.jar"/>
    <property name="sun.boot.class.path" value="C:\Program Files\Java\jdk1.8.0_291\jre\lib\resources.jar;C:\Program Files\Java\jdk1.8.0_291\jre\lib\rt.jar;C:\Program Files\Java\jdk1.8.0_291\jre\lib\sunrsasign.jar;C:\Program Files\Java\jdk1.8.0_291\jre\lib\jsse.jar;C:\Program Files\Java\jdk1.8.0_291\jre\lib\jce.jar;C:\Program Files\Java\jdk1.8.0_291\jre\lib\charsets.jar;C:\Program Files\Java\jdk1.8.0_291\jre\lib\jfr.jar;C:\Program Files\Java\jdk1.8.0_291\jre\classes"/>
    <property name="user.script" value=""/>
    <property name="sun.management.compiler" value="HotSpot 64-Bit Tiered Compilers"/>
    <property name="java.runtime.version" value="1.8.0_291-b10"/>
    <property name="user.name" value="elkin.rozo"/>
    <property name="path.separator" value=";"/>
    <property name="os.version" value="10.0"/>
    <property name="java.endorsed.dirs" value="C:\Program Files\Java\jdk1.8.0_291\jre\lib\endorsed"/>
    <property name="java.runtime.name" value="Java(TM) SE Runtime Environment"/>
    <property name="docker.skip" value="true"/>
    <property name="file.encoding" value="Cp1252"/>
    <property name="spring.beaninfo.ignore" value="true"/>
    <property name="java.vm.name" value="Java HotSpot(TM) 64-Bit Server VM"/>
    <property name="localRepository" value="C:\maven"/>
    <property name="java.vendor.url.bug" value="http://bugreport.sun.com/bugreport/"/>
    <property name="java.io.tmpdir" value="C:\Users\ELKIN~1.ROZ\AppData\Local\Temp\"/>
    <property name="java.version" value="1.8.0_291"/>
    <property name="user.dir" value="C:\Users\elkin.rozo\eclipse-workspace\services-sirc"/>
    <property name="os.arch" value="amd64"/>
    <property name="SkipTests" value="true"/>
    <property name="java.vm.specification.name" value="Java Virtual Machine Specification"/>
    <property name="PID" value="3056"/>
    <property name="java.awt.printerjob" value="sun.awt.windows.WPrinterJob"/>
    <property name="sun.os.patch.level" value=""/>
    <property name="CONSOLE_LOG_CHARSET" value="windows-1252"/>
    <property name="java.library.path" value="C:\Program Files\Java\jdk1.8.0_291\jre\bin;C:\Windows\Sun\Java\bin;C:\Windows\system32;C:\Windows;C:\Users\elkin.rozo\Documents\cmder_mini\vendor\conemu-maximus5\ConEmu\Scripts;C:\Users\elkin.rozo\Documents\cmder_mini\vendor\conemu-maximus5;C:\Users\elkin.rozo\Documents\cmder_mini\vendor\conemu-maximus5\ConEmu;C:\Program Files\Java\jdk1.8.0_291\bin;C:\Windows\system32;C:\Windows;C:\Windows\System32\Wbem;C:\Windows\System32\WindowsPowerShell\v1.0\;C:\Windows\System32\OpenSSH\;C:\Users\elkin.rozo\Documents\apache-maven-3.8.1-bin\apache-maven-3.8.1\bin\;C:\Program Files\Git\cmd;C:\Users\elkin.rozo\Documents\openshift-client-windows\;C:\Program Files\Docker\Docker\resources\bin;C:\ProgramData\DockerDesktop\version-bin;C:\Program Files\nodejs\;C:\Users\elkin.rozo\AppData\Local\Microsoft\WindowsApps;C:\Users\elkin.rozo\AppData\Roaming\npm;C:\Users\elkin.rozo\AppData\Local\atom\bin;C:\Program Files\Git\mingw64\bin;C:\Program Files\Git\usr\bin;C:\Users\elkin.rozo\Documents\cmder_mini\vendor\bin;C:\Users\elkin.rozo\Documents\cmder_mini;."/>
    <property name="java.vm.info" value="mixed mode"/>
    <property name="java.vendor" value="Oracle Corporation"/>
    <property name="java.vm.version" value="25.291-b10"/>
    <property name="java.ext.dirs" value="C:\Program Files\Java\jdk1.8.0_291\jre\lib\ext;C:\Windows\Sun\Java\lib\ext"/>
    <property name="sun.io.unicode.encoding" value="UnicodeLittle"/>
    <property name="java.class.version" value="52.0"/>
  </properties>
  <testcase name="test" classname="co.com.MySpringBootApplicationTest" time="1.004"/>
</testsuite>